
          -------------------------------------------------------
          Amber 16 PMEMD                              2016
          -------------------------------------------------------

| PMEMD implementation of SANDER, Release 16

| Run on 04/17/2018 at 10:38:57

|   Executable path: /cm/shared/apps/amber16_cuda/bin/pmemd.cuda
| Working directory: /shared2/work/wesley/Piezo/piezo_anton/charmm-gui_waterTest/anton_water_hmr_test/amber
|          Hostname: node007

  [-O]verwriting output

File Assignments:
|   MDIN: step3_equilibration.mdin                                              
|  MDOUT: step3_equilibration.out                                               
| INPCRD: step2_minimization.rst7                                               
|   PARM: step1_charmm2amber.parm7                                              
| RESTRT: step3_equilibration.rst7                                              
|   REFC: step2_minimization.rst7                                               
|  MDVEL: mdvel                                                                 
|   MDEN: mden                                                                  
|  MDCRD: step3_equilibration.nc                                                
| MDINFO: mdinfo                                                                
|  MDFRC: mdfrc                                                                 


 Here is the input file:

A NVT simulation for common production-level simulations                       
 &cntrl                                                                        
    imin=0,        ! No minimization                                           
    irest=0,       ! This is NOT a restart of an old MD simulation             
    ntx=1,         ! So our inpcrd file has no velocities                      
                                                                               
    ! Temperature control                                                      
    ntt=3,         ! Langevin dynamics                                         
    gamma_ln=1.0,  ! Friction coefficient (ps^-1)                              
    tempi=310.15,   ! Initial temp -- give it some small random velocities     
    temp0=310.15,   ! Target temperature                                       
                                                                               
    ! Potential energy control                                                 
    cut=12.0,      ! Nonbonded cutoff, in Angstroms                            
    fswitch=10.0,  ! Force-based switching                                     
                                                                               
    ! MD settings                                                              
    nstlim=25000,  ! 25K steps, 25 ps total                                    
    dt=0.001,      ! time step (ps)                                            
                                                                               
    ! SHAKE                                                                    
    ntc=2,         ! Constrain bonds containing hydrogen                       
    ntf=2,         ! Do not calculate forces of bonds containing hydrogen      
                                                                               
    ! Control how often information is printed                                 
    ntpr=1000,     ! Print energies every 1000 steps                           
    ntwx=1000,     ! Print coordinates every 1000 steps to the trajectory      
    ntwr=10000,    ! Print a restart file every 10K steps (can be less frequent
!   ntwv=-1,       ! Uncomment to also print velocities to trajectory          
!   ntwf=-1,       ! Uncomment to also print forces to trajectory              
    ntxo=2,        ! Write NetCDF format                                       
    ioutfm=1,      ! Write NetCDF format (always do this!)                     
                                                                               
    ! Wrap coordinates when printing them to the same unit cell                
    iwrap=0,                                                                   
                                                                               
    ! Restraint options                                                        
    !ntr=1,         ! Positional restraints for proteins, sugars, ligands, and 
    !nmropt=1,      ! Dihedral restraints for sugars and lipids                
                                                                               
    ! Set water atom/residue names for SETTLE recognition                      
    watnam='WAT',  ! Water residues are named WAT                              
    owtnm='O',     ! Water oxygens are named O                                 
 /                                                                             
                                                                               
 &ewald                                                                        
    vdwmeth = 0,                                                               
 /                                                                             


Note: ig = -1. Setting random seed to   306239 based on wallclock time in 
      microseconds.
 
|--------------------- INFORMATION ----------------------
| GPU (CUDA) Version of PMEMD in use: NVIDIA GPU IN USE.
|                    Version 16.0.0
| 
|                      02/25/2016
| 
| Implementation by:
|                    Ross C. Walker     (SDSC)
|                    Scott Le Grand     (nVIDIA)
| 
| Precision model in use:
|      [SPFP] - Single Precision Forces, 64-bit Fixed Point
|               Accumulation. (Default)
| 
|--------------------------------------------------------
 
|----------------- CITATION INFORMATION -----------------
|
|    When publishing work that utilized the CUDA version
|    of AMBER, please cite the following in addition to
|    the regular AMBER citations:
|
|  - Romelia Salomon-Ferrer; Andreas W. Goetz; Duncan
|    Poole; Scott Le Grand; Ross C. Walker "Routine
|    microsecond molecular dynamics simulations with
|    AMBER - Part II: Particle Mesh Ewald", J. Chem.
|    Theory Comput., 2013, 9 (9), pp3878-3888,
|    DOI: 10.1021/ct400314y.
|
|  - Andreas W. Goetz; Mark J. Williamson; Dong Xu;
|    Duncan Poole; Scott Le Grand; Ross C. Walker
|    "Routine microsecond molecular dynamics simulations
|    with AMBER - Part I: Generalized Born", J. Chem.
|    Theory Comput., 2012, 8 (5), pp1542-1555.
|
|  - Scott Le Grand; Andreas W. Goetz; Ross C. Walker
|    "SPFP: Speed without compromise - a mixed precision
|    model for GPU accelerated molecular dynamics
|    simulations.", Comp. Phys. Comm., 2013, 184
|    pp374-380, DOI: 10.1016/j.cpc.2012.09.022
|
|--------------------------------------------------------
 
|------------------- GPU DEVICE INFO --------------------
|
|            CUDA_VISIBLE_DEVICES: 1
|   CUDA Capable Devices Detected:      1
|           CUDA Device ID in use:      0
|                CUDA Device Name: GeForce GTX 980
|     CUDA Device Global Mem Size:   4095 MB
| CUDA Device Num Multiprocessors:     16
|           CUDA Device Core Freq:   1.22 GHz
|
|--------------------------------------------------------
 
 
| Conditional Compilation Defines Used:
| PUBFFT
| BINTRAJ
| CUDA
| EMIL

| Largest sphere to fit in unit cell has radius =    24.700

| New format PARM file being parsed.
| Version =    1.000 Date = 04/17/18 Time = 09:19:51
| Force field information read from topology file: 
|              >>>> CHARMM36 All-Hydrogen Parameter File for Proteins <<<<<<<<<<  
|      CHARMM: >>>>>>>>>>>> All-hydrogen parameters used in the <<<<<<<<<<<<<<<<  
|
|CHARMM: CHARMM force field in use. 
|
|CHARMM: CHARMM force field in use. 

| Note: 1-4 EEL scale factors are being read from the topology file.

| Note: 1-4 VDW scale factors are being read from the topology file.
| Duplicated    0 dihedrals

| Duplicated    0 dihedrals

--------------------------------------------------------------------------------
   1.  RESOURCE   USE: 
--------------------------------------------------------------------------------

 getting box info from netcdf restart file
 NATOM  =       9 NTYPES =       2 NBONH =       9 MBONA  =       0
 NTHETH =       3 MTHETA =       0 NPHIH =       0 MPHIA  =       0
 NHPARM =       0 NPARM  =       0 NNB   =      12 NRES   =       3
 NBONA  =       0 NTHETA =       0 NPHIA =       0 NUMBND =       2
 NUMANG =       1 NPTRA  =       0 NATYP =       1 NPHB   =       0
 IFBOX  =       1 NMXRS  =       3 IFCAP =       0 NEXTRA =       0
 NCOPY  =       0

|CHARMM: Reticulating splines.

| Coordinate Index Table dimensions:     7   17   16
| Direct force subcell size =     7.0571    6.6382    6.5350

     BOX TYPE: RECTILINEAR

--------------------------------------------------------------------------------
   2.  CONTROL  DATA  FOR  THE  RUN
--------------------------------------------------------------------------------

                                                                                

General flags:
     imin    =       0, nmropt  =       0

Nature and format of input:
     ntx     =       1, irest   =       0, ntrx    =       1

Nature and format of output:
     ntxo    =       2, ntpr    =    1000, ntrx    =       1, ntwr    =   10000
     iwrap   =       0, ntwx    =    1000, ntwv    =       0, ntwe    =       0
     ioutfm  =       1, ntwprt  =       0, idecomp =       0, rbornstat=      0

Potential function:
     ntf     =       2, ntb     =       1, igb     =       0, nsnb    =      25
     ipol    =       0, gbsa    =       0, iesp    =       0
     dielc   =   1.00000, cut     =  12.00000, intdiel =   1.00000

Frozen or restrained atoms:
     ibelly  =       0, ntr     =       0

Molecular dynamics:
     nstlim  =     25000, nscm    =      1000, nrespa  =         1
     t       =   0.00000, dt      =   0.00100, vlimit  =  -1.00000

Langevin dynamics temperature regulation:
     ig      =  306239
     temp0   = 310.15000, tempi   = 310.15000, gamma_ln=   1.00000

SHAKE:
     ntc     =       2, jfastw  =       0
     tol     =   0.00001

| Intermolecular bonds treatment:
|     no_intermolecular_bonds =       1

| Energy averages sample interval:
|     ene_avg_sampling =    1000

Ewald parameters:
     verbose =       0, ew_type =       0, nbflag  =       1, use_pme =       1
     vdwmeth =       0, eedmeth =       1, netfrc  =       1
     Box X =   49.400   Box Y =  112.850   Box Z =  104.560
     Alpha =   90.000   Beta  =   90.000   Gamma =   90.000
     NFFT1 =   56       NFFT2 =  120       NFFT3 =  108
     Cutoff=   12.000   Tol   =0.100E-04
     Ewald Coefficient =  0.22664
     Interpolation order =    4

--------------------------------------------------------------------------------
   3.  ATOMIC COORDINATES AND VELOCITIES
--------------------------------------------------------------------------------

                                                                                
 begin time read from input coords =     0.000 ps

 
 Number of triangulated 3-point waters found:        3

     Sum of charges from parm topology file =   0.00000000
     Forcing neutrality...

| Dynamic Memory, Types Used:
| Reals              169174
| Integers              211

| Nonbonded Pairs Initial Allocation:        4475

| GPU memory information (estimate):
| KB of GPU memory in use:    203128
| KB of CPU memory in use:     39736

--------------------------------------------------------------------------------
   4.  RESULTS
--------------------------------------------------------------------------------

 ---------------------------------------------------
 APPROXIMATING switch and d/dx switch using CUBIC SPLINE INTERPOLATION
 using   5000.0 points per unit in tabled values
 TESTING RELATIVE ERROR over r ranging from 0.0 to cutoff
| CHECK switch(x): max rel err =   0.2738E-14   at   2.422500
| CHECK d/dx switch(x): max rel err =   0.7967E-11   at   2.716640
 ---------------------------------------------------
|---------------------------------------------------
| APPROXIMATING direct energy using CUBIC SPLINE INTERPOLATION
|  with   50.0 points per unit in tabled values
| Relative Error Limit not exceeded for r .gt.   2.27
| APPROXIMATING direct force using CUBIC SPLINE INTERPOLATION
|  with   50.0 points per unit in tabled values
| Relative Error Limit not exceeded for r .gt.   2.78
|---------------------------------------------------

 NSTEP =        0   TIME(PS) =       0.000  TEMP(K) =   431.10  PRESS =     0.0
 Etot   =         7.7212  EKtot   =         7.7101  EPtot      =         0.0111
 BOND   =         0.0000  ANGLE   =         0.0000  DIHED      =         0.0000
 UB     =         0.0000  IMP     =         0.0000  CMAP       =         0.0000
 1-4 NB =         0.0000  1-4 EEL =         0.0000  VDWAALS    =         0.0000
 EELEC  =         0.0111  EHBOND  =         0.0000  RESTRAINT  =         0.0000
 ------------------------------------------------------------------------------


 NSTEP =     1000   TIME(PS) =       1.000  TEMP(K) =   268.62  PRESS =     0.0
 Etot   =         4.7950  EKtot   =         4.8042  EPtot      =        -0.0092
 BOND   =         0.0000  ANGLE   =         0.0000  DIHED      =         0.0000
 UB     =         0.0000  IMP     =         0.0000  CMAP       =         0.0000
 1-4 NB =         0.0000  1-4 EEL =         0.0000  VDWAALS    =         0.0000
 EELEC  =        -0.0092  EHBOND  =         0.0000  RESTRAINT  =         0.0000
 ------------------------------------------------------------------------------


 NSTEP =     2000   TIME(PS) =       2.000  TEMP(K) =   408.16  PRESS =     0.0
 Etot   =         7.3224  EKtot   =         7.2999  EPtot      =         0.0225
 BOND   =         0.0000  ANGLE   =         0.0000  DIHED      =         0.0000
 UB     =         0.0000  IMP     =         0.0000  CMAP       =         0.0000
 1-4 NB =         0.0000  1-4 EEL =         0.0000  VDWAALS    =         0.0000
 EELEC  =         0.0225  EHBOND  =         0.0000  RESTRAINT  =         0.0000
 ------------------------------------------------------------------------------


 NSTEP =     3000   TIME(PS) =       3.000  TEMP(K) =   229.39  PRESS =     0.0
 Etot   =         4.1102  EKtot   =         4.1026  EPtot      =         0.0076
 BOND   =         0.0000  ANGLE   =         0.0000  DIHED      =         0.0000
 UB     =         0.0000  IMP     =         0.0000  CMAP       =         0.0000
 1-4 NB =         0.0000  1-4 EEL =         0.0000  VDWAALS    =         0.0000
 EELEC  =         0.0076  EHBOND  =         0.0000  RESTRAINT  =         0.0000
 ------------------------------------------------------------------------------


 NSTEP =     4000   TIME(PS) =       4.000  TEMP(K) =   253.86  PRESS =     0.0
 Etot   =         4.5424  EKtot   =         4.5402  EPtot      =         0.0022
 BOND   =         0.0000  ANGLE   =         0.0000  DIHED      =         0.0000
 UB     =         0.0000  IMP     =         0.0000  CMAP       =         0.0000
 1-4 NB =         0.0000  1-4 EEL =         0.0000  VDWAALS    =         0.0000
 EELEC  =         0.0022  EHBOND  =         0.0000  RESTRAINT  =         0.0000
 ------------------------------------------------------------------------------


 NSTEP =     5000   TIME(PS) =       5.000  TEMP(K) =   133.41  PRESS =     0.0
 Etot   =         2.3868  EKtot   =         2.3860  EPtot      =         0.0007
 BOND   =         0.0000  ANGLE   =         0.0000  DIHED      =         0.0000
 UB     =         0.0000  IMP     =         0.0000  CMAP       =         0.0000
 1-4 NB =         0.0000  1-4 EEL =         0.0000  VDWAALS    =         0.0000
 EELEC  =         0.0007  EHBOND  =         0.0000  RESTRAINT  =         0.0000
 ------------------------------------------------------------------------------


 NSTEP =     6000   TIME(PS) =       6.000  TEMP(K) =   437.30  PRESS =     0.0
 Etot   =         7.8258  EKtot   =         7.8209  EPtot      =         0.0049
 BOND   =         0.0000  ANGLE   =         0.0000  DIHED      =         0.0000
 UB     =         0.0000  IMP     =         0.0000  CMAP       =         0.0000
 1-4 NB =         0.0000  1-4 EEL =         0.0000  VDWAALS    =         0.0000
 EELEC  =         0.0049  EHBOND  =         0.0000  RESTRAINT  =         0.0000
 ------------------------------------------------------------------------------


 NSTEP =     7000   TIME(PS) =       7.000  TEMP(K) =   211.35  PRESS =     0.0
 Etot   =         3.7736  EKtot   =         3.7799  EPtot      =        -0.0063
 BOND   =         0.0000  ANGLE   =         0.0000  DIHED      =         0.0000
 UB     =         0.0000  IMP     =         0.0000  CMAP       =         0.0000
 1-4 NB =         0.0000  1-4 EEL =         0.0000  VDWAALS    =         0.0000
 EELEC  =        -0.0063  EHBOND  =         0.0000  RESTRAINT  =         0.0000
 ------------------------------------------------------------------------------


 NSTEP =     8000   TIME(PS) =       8.000  TEMP(K) =   372.13  PRESS =     0.0
 Etot   =         6.6555  EKtot   =         6.6555  EPtot      =         0.0001
 BOND   =         0.0000  ANGLE   =         0.0000  DIHED      =         0.0000
 UB     =         0.0000  IMP     =         0.0000  CMAP       =         0.0000
 1-4 NB =         0.0000  1-4 EEL =         0.0000  VDWAALS    =         0.0000
 EELEC  =         0.0001  EHBOND  =         0.0000  RESTRAINT  =         0.0000
 ------------------------------------------------------------------------------


 NSTEP =     9000   TIME(PS) =       9.000  TEMP(K) =   283.39  PRESS =     0.0
 Etot   =         5.0649  EKtot   =         5.0684  EPtot      =        -0.0035
 BOND   =         0.0000  ANGLE   =         0.0000  DIHED      =         0.0000
 UB     =         0.0000  IMP     =         0.0000  CMAP       =         0.0000
 1-4 NB =         0.0000  1-4 EEL =         0.0000  VDWAALS    =         0.0000
 EELEC  =        -0.0035  EHBOND  =         0.0000  RESTRAINT  =         0.0000
 ------------------------------------------------------------------------------


 NSTEP =    10000   TIME(PS) =      10.000  TEMP(K) =   364.27  PRESS =     0.0
 Etot   =         6.4992  EKtot   =         6.5148  EPtot      =        -0.0156
 BOND   =         0.0000  ANGLE   =         0.0000  DIHED      =         0.0000
 UB     =         0.0000  IMP     =         0.0000  CMAP       =         0.0000
 1-4 NB =         0.0000  1-4 EEL =         0.0000  VDWAALS    =         0.0000
 EELEC  =        -0.0156  EHBOND  =         0.0000  RESTRAINT  =         0.0000
 ------------------------------------------------------------------------------


 NSTEP =    11000   TIME(PS) =      11.000  TEMP(K) =   236.43  PRESS =     0.0
 Etot   =         4.2223  EKtot   =         4.2285  EPtot      =        -0.0062
 BOND   =         0.0000  ANGLE   =         0.0000  DIHED      =         0.0000
 UB     =         0.0000  IMP     =         0.0000  CMAP       =         0.0000
 1-4 NB =         0.0000  1-4 EEL =         0.0000  VDWAALS    =         0.0000
 EELEC  =        -0.0062  EHBOND  =         0.0000  RESTRAINT  =         0.0000
 ------------------------------------------------------------------------------


 NSTEP =    12000   TIME(PS) =      12.000  TEMP(K) =   282.33  PRESS =     0.0
 Etot   =         5.0392  EKtot   =         5.0493  EPtot      =        -0.0101
 BOND   =         0.0000  ANGLE   =         0.0000  DIHED      =         0.0000
 UB     =         0.0000  IMP     =         0.0000  CMAP       =         0.0000
 1-4 NB =         0.0000  1-4 EEL =         0.0000  VDWAALS    =         0.0000
 EELEC  =        -0.0101  EHBOND  =         0.0000  RESTRAINT  =         0.0000
 ------------------------------------------------------------------------------


 NSTEP =    13000   TIME(PS) =      13.000  TEMP(K) =   331.45  PRESS =     0.0
 Etot   =         5.9286  EKtot   =         5.9278  EPtot      =         0.0008
 BOND   =         0.0000  ANGLE   =         0.0000  DIHED      =         0.0000
 UB     =         0.0000  IMP     =         0.0000  CMAP       =         0.0000
 1-4 NB =         0.0000  1-4 EEL =         0.0000  VDWAALS    =         0.0000
 EELEC  =         0.0008  EHBOND  =         0.0000  RESTRAINT  =         0.0000
 ------------------------------------------------------------------------------


 NSTEP =    14000   TIME(PS) =      14.000  TEMP(K) =   335.27  PRESS =     0.0
 Etot   =         6.0617  EKtot   =         5.9963  EPtot      =         0.0654
 BOND   =         0.0000  ANGLE   =         0.0000  DIHED      =         0.0000
 UB     =         0.0000  IMP     =         0.0000  CMAP       =         0.0000
 1-4 NB =         0.0000  1-4 EEL =         0.0000  VDWAALS    =        -0.0021
 EELEC  =         0.0676  EHBOND  =         0.0000  RESTRAINT  =         0.0000
 ------------------------------------------------------------------------------


 NSTEP =    15000   TIME(PS) =      15.000  TEMP(K) =   348.54  PRESS =     0.0
 Etot   =         3.9172  EKtot   =         6.2335  EPtot      =        -2.3163
 BOND   =         0.0000  ANGLE   =         0.0000  DIHED      =         0.0000
 UB     =         0.0000  IMP     =         0.0000  CMAP       =         0.0000
 1-4 NB =         0.0000  1-4 EEL =         0.0000  VDWAALS    =        -0.1403
 EELEC  =        -2.1760  EHBOND  =         0.0000  RESTRAINT  =         0.0000
 ------------------------------------------------------------------------------


 NSTEP =    16000   TIME(PS) =      16.000  TEMP(K) =   565.84  PRESS =     0.0
 Etot   =         9.6223  EKtot   =        10.1200  EPtot      =        -0.4977
 BOND   =         0.0000  ANGLE   =         0.0000  DIHED      =         0.0000
 UB     =         0.0000  IMP     =         0.0000  CMAP       =         0.0000
 1-4 NB =         0.0000  1-4 EEL =         0.0000  VDWAALS    =        -0.0499
 EELEC  =        -0.4477  EHBOND  =         0.0000  RESTRAINT  =         0.0000
 ------------------------------------------------------------------------------


 NSTEP =    17000   TIME(PS) =      17.000  TEMP(K) =   548.38  PRESS =     0.0
 Etot   =         9.7821  EKtot   =         9.8077  EPtot      =        -0.0256
 BOND   =         0.0000  ANGLE   =         0.0000  DIHED      =         0.0000
 UB     =         0.0000  IMP     =         0.0000  CMAP       =         0.0000
 1-4 NB =         0.0000  1-4 EEL =         0.0000  VDWAALS    =        -0.0000
 EELEC  =        -0.0256  EHBOND  =         0.0000  RESTRAINT  =         0.0000
 ------------------------------------------------------------------------------


 NSTEP =    18000   TIME(PS) =      18.000  TEMP(K) =   181.25  PRESS =     0.0
 Etot   =         3.2375  EKtot   =         3.2417  EPtot      =        -0.0041
 BOND   =         0.0000  ANGLE   =         0.0000  DIHED      =         0.0000
 UB     =         0.0000  IMP     =         0.0000  CMAP       =         0.0000
 1-4 NB =         0.0000  1-4 EEL =         0.0000  VDWAALS    =         0.0000
 EELEC  =        -0.0041  EHBOND  =         0.0000  RESTRAINT  =         0.0000
 ------------------------------------------------------------------------------


 NSTEP =    19000   TIME(PS) =      19.000  TEMP(K) =   272.17  PRESS =     0.0
 Etot   =         4.8689  EKtot   =         4.8677  EPtot      =         0.0012
 BOND   =         0.0000  ANGLE   =         0.0000  DIHED      =         0.0000
 UB     =         0.0000  IMP     =         0.0000  CMAP       =         0.0000
 1-4 NB =         0.0000  1-4 EEL =         0.0000  VDWAALS    =         0.0000
 EELEC  =         0.0012  EHBOND  =         0.0000  RESTRAINT  =         0.0000
 ------------------------------------------------------------------------------


 NSTEP =    20000   TIME(PS) =      20.000  TEMP(K) =   298.67  PRESS =     0.0
 Etot   =         5.3367  EKtot   =         5.3417  EPtot      =        -0.0050
 BOND   =         0.0000  ANGLE   =         0.0000  DIHED      =         0.0000
 UB     =         0.0000  IMP     =         0.0000  CMAP       =         0.0000
 1-4 NB =         0.0000  1-4 EEL =         0.0000  VDWAALS    =         0.0000
 EELEC  =        -0.0050  EHBOND  =         0.0000  RESTRAINT  =         0.0000
 ------------------------------------------------------------------------------


 NSTEP =    21000   TIME(PS) =      21.000  TEMP(K) =   258.72  PRESS =     0.0
 Etot   =         4.6214  EKtot   =         4.6272  EPtot      =        -0.0058
 BOND   =         0.0000  ANGLE   =         0.0000  DIHED      =         0.0000
 UB     =         0.0000  IMP     =         0.0000  CMAP       =         0.0000
 1-4 NB =         0.0000  1-4 EEL =         0.0000  VDWAALS    =         0.0000
 EELEC  =        -0.0058  EHBOND  =         0.0000  RESTRAINT  =         0.0000
 ------------------------------------------------------------------------------


 NSTEP =    22000   TIME(PS) =      22.000  TEMP(K) =   281.21  PRESS =     0.0
 Etot   =         5.0263  EKtot   =         5.0293  EPtot      =        -0.0030
 BOND   =         0.0000  ANGLE   =         0.0000  DIHED      =         0.0000
 UB     =         0.0000  IMP     =         0.0000  CMAP       =         0.0000
 1-4 NB =         0.0000  1-4 EEL =         0.0000  VDWAALS    =         0.0000
 EELEC  =        -0.0030  EHBOND  =         0.0000  RESTRAINT  =         0.0000
 ------------------------------------------------------------------------------


 NSTEP =    23000   TIME(PS) =      23.000  TEMP(K) =   170.71  PRESS =     0.0
 Etot   =         3.0512  EKtot   =         3.0530  EPtot      =        -0.0018
 BOND   =         0.0000  ANGLE   =         0.0000  DIHED      =         0.0000
 UB     =         0.0000  IMP     =         0.0000  CMAP       =         0.0000
 1-4 NB =         0.0000  1-4 EEL =         0.0000  VDWAALS    =         0.0000
 EELEC  =        -0.0018  EHBOND  =         0.0000  RESTRAINT  =         0.0000
 ------------------------------------------------------------------------------


 NSTEP =    24000   TIME(PS) =      24.000  TEMP(K) =   299.21  PRESS =     0.0
 Etot   =         5.3540  EKtot   =         5.3513  EPtot      =         0.0027
 BOND   =         0.0000  ANGLE   =         0.0000  DIHED      =         0.0000
 UB     =         0.0000  IMP     =         0.0000  CMAP       =         0.0000
 1-4 NB =         0.0000  1-4 EEL =         0.0000  VDWAALS    =         0.0000
 EELEC  =         0.0027  EHBOND  =         0.0000  RESTRAINT  =         0.0000
 ------------------------------------------------------------------------------


 NSTEP =    25000   TIME(PS) =      25.000  TEMP(K) =   417.51  PRESS =     0.0
 Etot   =         7.4706  EKtot   =         7.4670  EPtot      =         0.0036
 BOND   =         0.0000  ANGLE   =         0.0000  DIHED      =         0.0000
 UB     =         0.0000  IMP     =         0.0000  CMAP       =         0.0000
 1-4 NB =         0.0000  1-4 EEL =         0.0000  VDWAALS    =         0.0000
 EELEC  =         0.0036  EHBOND  =         0.0000  RESTRAINT  =         0.0000
 ------------------------------------------------------------------------------


      A V E R A G E S   O V E R      25 S T E P S


 NSTEP =    25000   TIME(PS) =      25.000  TEMP(K) =   311.58  PRESS =     0.0
 Etot   =         5.4606  EKtot   =         5.5726  EPtot      =        -0.1119
 BOND   =         0.0000  ANGLE   =         0.0000  DIHED      =         0.0000
 UB     =         0.0000  IMP     =         0.0000  CMAP       =         0.0000
 1-4 NB =         0.0000  1-4 EEL =         0.0000  VDWAALS    =        -0.0077
 EELEC  =        -0.1042  EHBOND  =         0.0000  RESTRAINT  =         0.0000
 ------------------------------------------------------------------------------


      R M S  F L U C T U A T I O N S


 NSTEP =    25000   TIME(PS) =      25.000  TEMP(K) =   103.79  PRESS =     0.0
 Etot   =         1.8314  EKtot   =         1.8562  EPtot      =         0.4607
 BOND   =         0.0000  ANGLE   =         0.0000  DIHED      =         0.0000
 UB     =         0.0000  IMP     =         0.0000  CMAP       =         0.0000
 1-4 NB =         0.0000  1-4 EEL =         0.0000  VDWAALS    =         0.0288
 EELEC  =         0.4322  EHBOND  =         0.0000  RESTRAINT  =         0.0000
 ------------------------------------------------------------------------------

--------------------------------------------------------------------------------
   5.  TIMINGS
--------------------------------------------------------------------------------

|  NonSetup CPU Time in Major Routines:
|
|     Routine           Sec        %
|     ------------------------------
|     Nonbond           2.91   18.90
|     Bond              0.00    0.00
|     Angle             0.00    0.00
|     Dihedral          0.00    0.00
|     Shake             0.24    1.57
|     RunMD            12.23   79.46
|     Other             0.01    0.08
|     ------------------------------
|     Total            15.39

|  PME Nonbond Pairlist CPU Time:
|
|     Routine              Sec        %
|     ---------------------------------
|     Set Up Cit           0.00    0.00
|     Build List           0.00    0.00
|     ---------------------------------
|     Total                0.00    0.00

|  PME Direct Force CPU Time:
|
|     Routine              Sec        %
|     ---------------------------------
|     NonBonded Calc       0.00    0.00
|     Exclude Masked       0.00    0.00
|     Other                0.00    0.03
|     ---------------------------------
|     Total                0.00    0.03

|  PME Reciprocal Force CPU Time:
|
|     Routine              Sec        %
|     ---------------------------------
|     1D bspline           0.00    0.00
|     Grid Charges         0.00    0.00
|     Scalar Sum           0.00    0.00
|     Gradient Sum         0.00    0.00
|     FFT                  0.00    0.00
|     ---------------------------------
|     Total                0.00    0.00

|  Final Performance Info:
|     -----------------------------------------------------
|     Average timings for last   25000 steps:
|     Elapsed(s) =      15.39 Per Step(ms) =       0.62
|         ns/day =     140.33   seconds/ns =     615.70
|
|     Average timings for all steps:
|     Elapsed(s) =      15.39 Per Step(ms) =       0.62
|         ns/day =     140.33   seconds/ns =     615.70
|     -----------------------------------------------------

|  Setup CPU time:            0.65 seconds
|  NonSetup CPU time:        15.39 seconds
|  Total CPU time:           16.04 seconds     0.00 hours

|  Setup wall time:           1    seconds
|  NonSetup wall time:       15    seconds
|  Total wall time:          16    seconds     0.00 hours
