
          -------------------------------------------------------
          Amber 16 PMEMD                              2016
          -------------------------------------------------------

| PMEMD implementation of SANDER, Release 16

| Run on 04/17/2018 at 10:38:54

|   Executable path: /cm/shared/apps/amber16_cuda/bin/pmemd.cuda
| Working directory: /shared2/work/wesley/Piezo/piezo_anton/charmm-gui_waterTest/anton_water_hmr_test/amber
|          Hostname: node007

  [-O]verwriting output

File Assignments:
|   MDIN: step2_minimization.mdin                                               
|  MDOUT: step2_minimization.out                                                
| INPCRD: step1_charmm2amber.rst7                                               
|   PARM: step1_charmm2amber.parm7                                              
| RESTRT: step2_minimization.rst7                                               
|   REFC: step1_charmm2amber.rst7                                               
|  MDVEL: mdvel                                                                 
|   MDEN: mden                                                                  
|  MDCRD: step2_minimization.nc                                                 
| MDINFO: mdinfo                                                                
|  MDFRC: mdfrc                                                                 


 Here is the input file:

Minimization input file in explicit solvent                                    
 &cntrl                                                                        
    ! Minimization options                                                     
    imin=1,        ! Turn on minimization                                      
    maxcyc=5000,   ! Maximum number of minimization cycles                     
    ncyc=2500,     ! 100 steepest-descent steps, better for strained systems   
                                                                               
    ! Potential energy function options                                        
    cut=12.0,      ! Nonbonded cutoff, in Angstroms                            
    fswitch=10.0,  ! Force-based switching                                     
                                                                               
    ! Control how often information is printed to the output file              
    ntpr=100,      ! Print energies every 100 steps                            
    ntxo=2,        ! Write NetCDF format                                       
                                                                               
    ! Restraint options                                                        
    !ntr=1,         ! Positional restraints for proteins, sugars, ligands, and 
    !nmropt=1,      ! Dihedral restraints for sugars and lipids                
                                                                               
    ! Set water atom/residue names for SETTLE recognition                      
    watnam='WAT',  ! Water residues are named WAT                              
    owtnm='O',     ! Water oxygens are named O                                 
 /                                                                             
                                                                               
 &ewald                                                                        
    vdwmeth = 0,                                                               
 /                                                                             


Note: ig = -1. Setting random seed to   704544 based on wallclock time in 
      microseconds.
 
|--------------------- INFORMATION ----------------------
| GPU (CUDA) Version of PMEMD in use: NVIDIA GPU IN USE.
|                    Version 16.0.0
| 
|                      02/25/2016
| 
| Implementation by:
|                    Ross C. Walker     (SDSC)
|                    Scott Le Grand     (nVIDIA)
| 
| Precision model in use:
|      [SPFP] - Single Precision Forces, 64-bit Fixed Point
|               Accumulation. (Default)
| 
|--------------------------------------------------------
 
|----------------- CITATION INFORMATION -----------------
|
|    When publishing work that utilized the CUDA version
|    of AMBER, please cite the following in addition to
|    the regular AMBER citations:
|
|  - Romelia Salomon-Ferrer; Andreas W. Goetz; Duncan
|    Poole; Scott Le Grand; Ross C. Walker "Routine
|    microsecond molecular dynamics simulations with
|    AMBER - Part II: Particle Mesh Ewald", J. Chem.
|    Theory Comput., 2013, 9 (9), pp3878-3888,
|    DOI: 10.1021/ct400314y.
|
|  - Andreas W. Goetz; Mark J. Williamson; Dong Xu;
|    Duncan Poole; Scott Le Grand; Ross C. Walker
|    "Routine microsecond molecular dynamics simulations
|    with AMBER - Part I: Generalized Born", J. Chem.
|    Theory Comput., 2012, 8 (5), pp1542-1555.
|
|  - Scott Le Grand; Andreas W. Goetz; Ross C. Walker
|    "SPFP: Speed without compromise - a mixed precision
|    model for GPU accelerated molecular dynamics
|    simulations.", Comp. Phys. Comm., 2013, 184
|    pp374-380, DOI: 10.1016/j.cpc.2012.09.022
|
|--------------------------------------------------------
 
|------------------- GPU DEVICE INFO --------------------
|
|            CUDA_VISIBLE_DEVICES: 1
|   CUDA Capable Devices Detected:      1
|           CUDA Device ID in use:      0
|                CUDA Device Name: GeForce GTX 980
|     CUDA Device Global Mem Size:   4095 MB
| CUDA Device Num Multiprocessors:     16
|           CUDA Device Core Freq:   1.22 GHz
|
|--------------------------------------------------------
 
 
| Conditional Compilation Defines Used:
| PUBFFT
| BINTRAJ
| CUDA
| EMIL

| Largest sphere to fit in unit cell has radius =    24.700

| New format PARM file being parsed.
| Version =    1.000 Date = 04/17/18 Time = 09:19:51
| Force field information read from topology file: 
|              >>>> CHARMM36 All-Hydrogen Parameter File for Proteins <<<<<<<<<<  
|      CHARMM: >>>>>>>>>>>> All-hydrogen parameters used in the <<<<<<<<<<<<<<<<  
|
|CHARMM: CHARMM force field in use. 
|
|CHARMM: CHARMM force field in use. 

| Note: 1-4 EEL scale factors are being read from the topology file.

| Note: 1-4 VDW scale factors are being read from the topology file.
| Duplicated    0 dihedrals

| Duplicated    0 dihedrals

--------------------------------------------------------------------------------
   1.  RESOURCE   USE: 
--------------------------------------------------------------------------------

 getting new box info from bottom of inpcrd
 NATOM  =       9 NTYPES =       2 NBONH =       9 MBONA  =       0
 NTHETH =       3 MTHETA =       0 NPHIH =       0 MPHIA  =       0
 NHPARM =       0 NPARM  =       0 NNB   =      12 NRES   =       3
 NBONA  =       0 NTHETA =       0 NPHIA =       0 NUMBND =       2
 NUMANG =       1 NPTRA  =       0 NATYP =       1 NPHB   =       0
 IFBOX  =       1 NMXRS  =       3 IFCAP =       0 NEXTRA =       0
 NCOPY  =       0

|CHARMM: Reticulating splines.

| Coordinate Index Table dimensions:     7   17   16
| Direct force subcell size =     7.0571    6.6382    6.5350

     BOX TYPE: RECTILINEAR

--------------------------------------------------------------------------------
   2.  CONTROL  DATA  FOR  THE  RUN
--------------------------------------------------------------------------------

                                                                                

General flags:
     imin    =       1, nmropt  =       0

Nature and format of input:
     ntx     =       1, irest   =       0, ntrx    =       1

Nature and format of output:
     ntxo    =       2, ntpr    =     100, ntrx    =       1, ntwr    =       1
     iwrap   =       0, ntwx    =       0, ntwv    =       0, ntwe    =       0
     ioutfm  =       1, ntwprt  =       0, idecomp =       0, rbornstat=      0

Potential function:
     ntf     =       1, ntb     =       1, igb     =       0, nsnb    =      25
     ipol    =       0, gbsa    =       0, iesp    =       0
     dielc   =   1.00000, cut     =  12.00000, intdiel =   1.00000

Frozen or restrained atoms:
     ibelly  =       0, ntr     =       0

Energy minimization:
     maxcyc  =    5000, ncyc    =    2500, ntmin   =       1
     dx0     =   0.01000, drms    =   0.00010

| Intermolecular bonds treatment:
|     no_intermolecular_bonds =       1

| Energy averages sample interval:
|     ene_avg_sampling =       1

Ewald parameters:
     verbose =       0, ew_type =       0, nbflag  =       1, use_pme =       1
     vdwmeth =       0, eedmeth =       1, netfrc  =       0
     Box X =   49.400   Box Y =  112.850   Box Z =  104.560
     Alpha =   90.000   Beta  =   90.000   Gamma =   90.000
     NFFT1 =   56       NFFT2 =  120       NFFT3 =  108
     Cutoff=   12.000   Tol   =0.100E-04
     Ewald Coefficient =  0.22664
     Interpolation order =    4

--------------------------------------------------------------------------------
   3.  ATOMIC COORDINATES AND VELOCITIES
--------------------------------------------------------------------------------

                                                                                
 begin time read from input coords =     0.000 ps

 
 Number of triangulated 3-point waters found:        3

     Sum of charges from parm topology file =   0.00000000
     Forcing neutrality...

| Dynamic Memory, Types Used:
| Reals              169147
| Integers              211

| Nonbonded Pairs Initial Allocation:        4475

| GPU memory information (estimate):
| KB of GPU memory in use:    203033
| KB of CPU memory in use:     39737

--------------------------------------------------------------------------------
   4.  RESULTS
--------------------------------------------------------------------------------

 ---------------------------------------------------
 APPROXIMATING switch and d/dx switch using CUBIC SPLINE INTERPOLATION
 using   5000.0 points per unit in tabled values
 TESTING RELATIVE ERROR over r ranging from 0.0 to cutoff
| CHECK switch(x): max rel err =   0.2738E-14   at   2.422500
| CHECK d/dx switch(x): max rel err =   0.7967E-11   at   2.716640
 ---------------------------------------------------
|---------------------------------------------------
| APPROXIMATING direct energy using CUBIC SPLINE INTERPOLATION
|  with   50.0 points per unit in tabled values
| Relative Error Limit not exceeded for r .gt.   2.27
| APPROXIMATING direct force using CUBIC SPLINE INTERPOLATION
|  with   50.0 points per unit in tabled values
| Relative Error Limit not exceeded for r .gt.   2.78
|---------------------------------------------------


   NSTEP       ENERGY          RMS            GMAX         NAME    NUMBER
      1       1.1133E-02     6.1143E-03     1.4496E-02     O           7

 BOND    =        0.0000  ANGLE   =        0.0000  DIHED      =        0.0000
 UB      =        0.0000  IMP     =        0.0000  CMAP       =        0.0000
 VDWAALS =        0.0000  EEL     =        0.0111  HBOND      =        0.0000
 1-4 VDW =        0.0000  1-4 EEL =        0.0000  RESTRAINT  =        0.0000


   NSTEP       ENERGY          RMS            GMAX         NAME    NUMBER
    100       1.1144E-02     1.6496E-03     5.3831E-03     O           7

 BOND    =        0.0000  ANGLE   =        0.0000  DIHED      =        0.0000
 UB      =        0.0000  IMP     =        0.0000  CMAP       =        0.0000
 VDWAALS =        0.0000  EEL     =        0.0111  HBOND      =        0.0000
 1-4 VDW =        0.0000  1-4 EEL =        0.0000  RESTRAINT  =        0.0000


   NSTEP       ENERGY          RMS            GMAX         NAME    NUMBER
    200       1.1144E-02     1.3704E-03     4.5906E-03     H1          5

 BOND    =        0.0000  ANGLE   =        0.0000  DIHED      =        0.0000
 UB      =        0.0000  IMP     =        0.0000  CMAP       =        0.0000
 VDWAALS =        0.0000  EEL     =        0.0111  HBOND      =        0.0000
 1-4 VDW =        0.0000  1-4 EEL =        0.0000  RESTRAINT  =        0.0000


   NSTEP       ENERGY          RMS            GMAX         NAME    NUMBER
    300       1.1144E-02     2.6755E-03     5.8412E-03     O           7

 BOND    =        0.0000  ANGLE   =        0.0000  DIHED      =        0.0000
 UB      =        0.0000  IMP     =        0.0000  CMAP       =        0.0000
 VDWAALS =        0.0000  EEL     =        0.0111  HBOND      =        0.0000
 1-4 VDW =        0.0000  1-4 EEL =        0.0000  RESTRAINT  =        0.0000


   NSTEP       ENERGY          RMS            GMAX         NAME    NUMBER
    400       1.1147E-02     5.6373E-04     1.3732E-03     O           7

 BOND    =        0.0000  ANGLE   =        0.0000  DIHED      =        0.0000
 UB      =        0.0000  IMP     =        0.0000  CMAP       =        0.0000
 VDWAALS =        0.0000  EEL     =        0.0111  HBOND      =        0.0000
 1-4 VDW =        0.0000  1-4 EEL =        0.0000  RESTRAINT  =        0.0000


   NSTEP       ENERGY          RMS            GMAX         NAME    NUMBER
    500       1.1150E-02     2.2587E-03     5.2782E-03     O           7

 BOND    =        0.0000  ANGLE   =        0.0000  DIHED      =        0.0000
 UB      =        0.0000  IMP     =        0.0000  CMAP       =        0.0000
 VDWAALS =        0.0000  EEL     =        0.0111  HBOND      =        0.0000
 1-4 VDW =        0.0000  1-4 EEL =        0.0000  RESTRAINT  =        0.0000


   NSTEP       ENERGY          RMS            GMAX         NAME    NUMBER
    600       1.1138E-02     1.6110E-04     4.6957E-04     O           7

 BOND    =        0.0000  ANGLE   =        0.0000  DIHED      =        0.0000
 UB      =        0.0000  IMP     =        0.0000  CMAP       =        0.0000
 VDWAALS =        0.0000  EEL     =        0.0111  HBOND      =        0.0000
 1-4 VDW =        0.0000  1-4 EEL =        0.0000  RESTRAINT  =        0.0000


   NSTEP       ENERGY          RMS            GMAX         NAME    NUMBER
    700       1.1156E-02     1.6470E-04     4.6461E-04     O           7

 BOND    =        0.0000  ANGLE   =        0.0000  DIHED      =        0.0000
 UB      =        0.0000  IMP     =        0.0000  CMAP       =        0.0000
 VDWAALS =        0.0000  EEL     =        0.0112  HBOND      =        0.0000
 1-4 VDW =        0.0000  1-4 EEL =        0.0000  RESTRAINT  =        0.0000


   NSTEP       ENERGY          RMS            GMAX         NAME    NUMBER
    800       1.1140E-02     4.6897E-03     1.3378E-02     O           7

 BOND    =        0.0000  ANGLE   =        0.0000  DIHED      =        0.0000
 UB      =        0.0000  IMP     =        0.0000  CMAP       =        0.0000
 VDWAALS =        0.0000  EEL     =        0.0111  HBOND      =        0.0000
 1-4 VDW =        0.0000  1-4 EEL =        0.0000  RESTRAINT  =        0.0000


   NSTEP       ENERGY          RMS            GMAX         NAME    NUMBER
    900       1.1115E-02     8.3149E-04     1.7882E-03     O           7

 BOND    =        0.0000  ANGLE   =        0.0000  DIHED      =        0.0000
 UB      =        0.0000  IMP     =        0.0000  CMAP       =        0.0000
 VDWAALS =        0.0000  EEL     =        0.0111  HBOND      =        0.0000
 1-4 VDW =        0.0000  1-4 EEL =        0.0000  RESTRAINT  =        0.0000


   NSTEP       ENERGY          RMS            GMAX         NAME    NUMBER
   1000       1.1154E-02     6.1271E-03     1.6565E-02     O           4

 BOND    =        0.0000  ANGLE   =        0.0000  DIHED      =        0.0000
 UB      =        0.0000  IMP     =        0.0000  CMAP       =        0.0000
 VDWAALS =        0.0000  EEL     =        0.0112  HBOND      =        0.0000
 1-4 VDW =        0.0000  1-4 EEL =        0.0000  RESTRAINT  =        0.0000


   NSTEP       ENERGY          RMS            GMAX         NAME    NUMBER
   1100       1.1152E-02     1.5413E-04     4.5892E-04     O           7

 BOND    =        0.0000  ANGLE   =        0.0000  DIHED      =        0.0000
 UB      =        0.0000  IMP     =        0.0000  CMAP       =        0.0000
 VDWAALS =        0.0000  EEL     =        0.0112  HBOND      =        0.0000
 1-4 VDW =        0.0000  1-4 EEL =        0.0000  RESTRAINT  =        0.0000


   NSTEP       ENERGY          RMS            GMAX         NAME    NUMBER
   1200       1.1146E-02     5.1273E-04     1.1736E-03     O           1

 BOND    =        0.0000  ANGLE   =        0.0000  DIHED      =        0.0000
 UB      =        0.0000  IMP     =        0.0000  CMAP       =        0.0000
 VDWAALS =        0.0000  EEL     =        0.0111  HBOND      =        0.0000
 1-4 VDW =        0.0000  1-4 EEL =        0.0000  RESTRAINT  =        0.0000


   NSTEP       ENERGY          RMS            GMAX         NAME    NUMBER
   1300       1.1131E-02     7.6981E-04     1.7347E-03     H1          5

 BOND    =        0.0000  ANGLE   =        0.0000  DIHED      =        0.0000
 UB      =        0.0000  IMP     =        0.0000  CMAP       =        0.0000
 VDWAALS =        0.0000  EEL     =        0.0111  HBOND      =        0.0000
 1-4 VDW =        0.0000  1-4 EEL =        0.0000  RESTRAINT  =        0.0000


   NSTEP       ENERGY          RMS            GMAX         NAME    NUMBER
   1400       1.1146E-02     1.5071E-04     4.5736E-04     O           7

 BOND    =        0.0000  ANGLE   =        0.0000  DIHED      =        0.0000
 UB      =        0.0000  IMP     =        0.0000  CMAP       =        0.0000
 VDWAALS =        0.0000  EEL     =        0.0111  HBOND      =        0.0000
 1-4 VDW =        0.0000  1-4 EEL =        0.0000  RESTRAINT  =        0.0000


   NSTEP       ENERGY          RMS            GMAX         NAME    NUMBER
   1500       1.1135E-02     1.1892E-03     3.2565E-03     O           7

 BOND    =        0.0000  ANGLE   =        0.0000  DIHED      =        0.0000
 UB      =        0.0000  IMP     =        0.0000  CMAP       =        0.0000
 VDWAALS =        0.0000  EEL     =        0.0111  HBOND      =        0.0000
 1-4 VDW =        0.0000  1-4 EEL =        0.0000  RESTRAINT  =        0.0000


   NSTEP       ENERGY          RMS            GMAX         NAME    NUMBER
   1600       1.1112E-02     1.3742E-03     3.4771E-03     O           7

 BOND    =        0.0000  ANGLE   =        0.0000  DIHED      =        0.0000
 UB      =        0.0000  IMP     =        0.0000  CMAP       =        0.0000
 VDWAALS =        0.0000  EEL     =        0.0111  HBOND      =        0.0000
 1-4 VDW =        0.0000  1-4 EEL =        0.0000  RESTRAINT  =        0.0000


   NSTEP       ENERGY          RMS            GMAX         NAME    NUMBER
   1700       1.1146E-02     1.4761E-04     4.5295E-04     O           7

 BOND    =        0.0000  ANGLE   =        0.0000  DIHED      =        0.0000
 UB      =        0.0000  IMP     =        0.0000  CMAP       =        0.0000
 VDWAALS =        0.0000  EEL     =        0.0111  HBOND      =        0.0000
 1-4 VDW =        0.0000  1-4 EEL =        0.0000  RESTRAINT  =        0.0000


   NSTEP       ENERGY          RMS            GMAX         NAME    NUMBER
   1800       1.1135E-02     3.9372E-04     9.7209E-04     O           7

 BOND    =        0.0000  ANGLE   =        0.0000  DIHED      =        0.0000
 UB      =        0.0000  IMP     =        0.0000  CMAP       =        0.0000
 VDWAALS =        0.0000  EEL     =        0.0111  HBOND      =        0.0000
 1-4 VDW =        0.0000  1-4 EEL =        0.0000  RESTRAINT  =        0.0000


   NSTEP       ENERGY          RMS            GMAX         NAME    NUMBER
   1900       1.1144E-02     1.5374E-04     4.5161E-04     O           7

 BOND    =        0.0000  ANGLE   =        0.0000  DIHED      =        0.0000
 UB      =        0.0000  IMP     =        0.0000  CMAP       =        0.0000
 VDWAALS =        0.0000  EEL     =        0.0111  HBOND      =        0.0000
 1-4 VDW =        0.0000  1-4 EEL =        0.0000  RESTRAINT  =        0.0000


   NSTEP       ENERGY          RMS            GMAX         NAME    NUMBER
   2000       1.1132E-02     6.4383E-04     2.1045E-03     O           4

 BOND    =        0.0000  ANGLE   =        0.0000  DIHED      =        0.0000
 UB      =        0.0000  IMP     =        0.0000  CMAP       =        0.0000
 VDWAALS =        0.0000  EEL     =        0.0111  HBOND      =        0.0000
 1-4 VDW =        0.0000  1-4 EEL =        0.0000  RESTRAINT  =        0.0000


   NSTEP       ENERGY          RMS            GMAX         NAME    NUMBER
   2100       1.1127E-02     1.0387E-03     2.3484E-03     O           4

 BOND    =        0.0000  ANGLE   =        0.0000  DIHED      =        0.0000
 UB      =        0.0000  IMP     =        0.0000  CMAP       =        0.0000
 VDWAALS =        0.0000  EEL     =        0.0111  HBOND      =        0.0000
 1-4 VDW =        0.0000  1-4 EEL =        0.0000  RESTRAINT  =        0.0000


   NSTEP       ENERGY          RMS            GMAX         NAME    NUMBER
   2200       1.1137E-02     3.4199E-04     7.7717E-04     O           7

 BOND    =        0.0000  ANGLE   =        0.0000  DIHED      =        0.0000
 UB      =        0.0000  IMP     =        0.0000  CMAP       =        0.0000
 VDWAALS =        0.0000  EEL     =        0.0111  HBOND      =        0.0000
 1-4 VDW =        0.0000  1-4 EEL =        0.0000  RESTRAINT  =        0.0000


   NSTEP       ENERGY          RMS            GMAX         NAME    NUMBER
   2300       1.1134E-02     3.9657E-04     1.0410E-03     O           7

 BOND    =        0.0000  ANGLE   =        0.0000  DIHED      =        0.0000
 UB      =        0.0000  IMP     =        0.0000  CMAP       =        0.0000
 VDWAALS =        0.0000  EEL     =        0.0111  HBOND      =        0.0000
 1-4 VDW =        0.0000  1-4 EEL =        0.0000  RESTRAINT  =        0.0000


   NSTEP       ENERGY          RMS            GMAX         NAME    NUMBER
   2400       1.1138E-02     1.5575E-04     4.4867E-04     O           7

 BOND    =        0.0000  ANGLE   =        0.0000  DIHED      =        0.0000
 UB      =        0.0000  IMP     =        0.0000  CMAP       =        0.0000
 VDWAALS =        0.0000  EEL     =        0.0111  HBOND      =        0.0000
 1-4 VDW =        0.0000  1-4 EEL =        0.0000  RESTRAINT  =        0.0000


   NSTEP       ENERGY          RMS            GMAX         NAME    NUMBER
   2500       1.1130E-02     1.6777E-03     4.9380E-03     O           7

 BOND    =        0.0000  ANGLE   =        0.0000  DIHED      =        0.0000
 UB      =        0.0000  IMP     =        0.0000  CMAP       =        0.0000
 VDWAALS =        0.0000  EEL     =        0.0111  HBOND      =        0.0000
 1-4 VDW =        0.0000  1-4 EEL =        0.0000  RESTRAINT  =        0.0000

     .... RESTARTED DUE TO LINMIN FAILURE ...


   NSTEP       ENERGY          RMS            GMAX         NAME    NUMBER
   2600       1.1121E-02     3.0667E-04     7.4875E-04     O           4

 BOND    =        0.0000  ANGLE   =        0.0000  DIHED      =        0.0000
 UB      =        0.0000  IMP     =        0.0000  CMAP       =        0.0000
 VDWAALS =        0.0000  EEL     =        0.0111  HBOND      =        0.0000
 1-4 VDW =        0.0000  1-4 EEL =        0.0000  RESTRAINT  =        0.0000

     .... RESTARTED DUE TO LINMIN FAILURE ...

     .... RESTARTED DUE TO LINMIN FAILURE ...


   NSTEP       ENERGY          RMS            GMAX         NAME    NUMBER
   2700       1.1125E-02     6.3713E-03     1.8706E-02     O           7

 BOND    =        0.0000  ANGLE   =        0.0000  DIHED      =        0.0000
 UB      =        0.0000  IMP     =        0.0000  CMAP       =        0.0000
 VDWAALS =        0.0000  EEL     =        0.0111  HBOND      =        0.0000
 1-4 VDW =        0.0000  1-4 EEL =        0.0000  RESTRAINT  =        0.0000

     .... RESTARTED DUE TO LINMIN FAILURE ...

     .... RESTARTED DUE TO LINMIN FAILURE ...


                    FINAL RESULTS



   NSTEP       ENERGY          RMS            GMAX         NAME    NUMBER
   2767       1.1141E-02     4.2985E-04     1.1434E-03     O           7

 BOND    =        0.0000  ANGLE   =        0.0000  DIHED      =        0.0000
 UB      =        0.0000  IMP     =        0.0000  CMAP       =        0.0000
 VDWAALS =        0.0000  EEL     =        0.0111  HBOND      =        0.0000
 1-4 VDW =        0.0000  1-4 EEL =        0.0000  RESTRAINT  =        0.0000

     ***** REPEATED LINMIN FAILURE *****
--------------------------------------------------------------------------------
   5.  TIMINGS
--------------------------------------------------------------------------------

|  NonSetup CPU Time in Major Routines:
|
|     Routine           Sec        %
|     ------------------------------
|     Nonbond           1.65   95.32
|     Bond              0.00    0.00
|     Angle             0.00    0.00
|     Dihedral          0.00    0.00
|     Shake             0.00    0.00
|     Other             0.08    4.68
|     ------------------------------
|     Total             1.73

|  PME Nonbond Pairlist CPU Time:
|
|     Routine              Sec        %
|     ---------------------------------
|     Set Up Cit           0.00    0.00
|     Build List           0.00    0.00
|     ---------------------------------
|     Total                0.00    0.00

|  PME Direct Force CPU Time:
|
|     Routine              Sec        %
|     ---------------------------------
|     NonBonded Calc       0.00    0.00
|     Exclude Masked       0.00    0.00
|     Other                0.00    0.12
|     ---------------------------------
|     Total                0.00    0.12

|  PME Reciprocal Force CPU Time:
|
|     Routine              Sec        %
|     ---------------------------------
|     1D bspline           0.00    0.00
|     Grid Charges         0.00    0.00
|     Scalar Sum           0.00    0.00
|     Gradient Sum         0.00    0.00
|     FFT                  0.00    0.00
|     ---------------------------------
|     Total                0.00    0.00

|  Setup CPU time:            0.68 seconds
|  NonSetup CPU time:         1.73 seconds
|  Total CPU time:            2.41 seconds     0.00 hours

|  Setup wall time:           0    seconds
|  NonSetup wall time:        2    seconds
|  Total wall time:           2    seconds     0.00 hours
